This file contains any messages produced by compilers while
running configure, to aid debugging if configure makes a mistake.

It was created by libffcall/vacall_r configure 0x010B, which was
generated by GNU Autoconf 2.65.  Invocation command line was

  $ ./configure --disable-option-checking --prefix=/usr/local --build=x86_64-apple-darwin10.4.0 build_alias=x86_64-apple-darwin10.4.0 CC=/usr/bin/cc CFLAGS=-O3 -w -pipe CXX=/usr/bin/c++ CXXFLAGS=-O3 -w -pipe --cache-file=/dev/null --srcdir=.

## --------- ##
## Platform. ##
## --------- ##

hostname = vinyl
uname -m = i386
uname -r = 10.4.0
uname -s = Darwin
uname -v = Darwin Kernel Version 10.4.0: Fri Apr 23 18:28:53 PDT 2010; root:xnu-1504.7.4~1/RELEASE_I386

/usr/bin/uname -p = i386
/bin/uname -X     = unknown

/bin/arch              = unknown
/usr/bin/arch -k       = unknown
/usr/convex/getsysinfo = unknown
/usr/bin/hostinfo      = Mach kernel version:
	 Darwin Kernel Version 10.4.0: Fri Apr 23 18:28:53 PDT 2010; root:xnu-1504.7.4~1/RELEASE_I386
Kernel configured for up to 4 processors.
2 processors are physically available.
4 processors are logically available.
Processor type: i486 (Intel 80486)
Processors active: 0 1 2 3
Primary memory available: 8.00 gigabytes
Default processor set: 167 tasks, 850 threads, 4 processors
Load average: 3.06, Mach factor: 0.93
/bin/machine           = unknown
/usr/bin/oslevel       = unknown
/bin/universe          = unknown

PATH: /usr/local/bin
PATH: /usr/local/bin
PATH: /usr/bin
PATH: /bin
PATH: /usr/sbin
PATH: /sbin
PATH: /usr/local/bin
PATH: /usr/X11/bin
PATH: /opt/local/bin
PATH: /Users/enki/Code/ec2-api-tools-1.3-30349/bin
PATH: /usr/local/sbin
PATH: /opt/local/bin
PATH: /Users/enki/Code/ec2-api-tools-1.3-30349/bin
PATH: /usr/local/sbin


## ----------- ##
## Core tests. ##
## ----------- ##

configure:2539: checking for gcc
configure:2566: result: /usr/bin/cc
configure:2795: checking for C compiler version
configure:2804: /usr/bin/cc --version >&5
i686-apple-darwin10-gcc-4.2.1 (GCC) 4.2.1 (Apple Inc. build 5664)
Copyright (C) 2007 Free Software Foundation, Inc.
This is free software; see the source for copying conditions.  There is NO
warranty; not even for MERCHANTABILITY or FITNESS FOR A PARTICULAR PURPOSE.

configure:2815: $? = 0
configure:2804: /usr/bin/cc -v >&5
Using built-in specs.
Target: i686-apple-darwin10
Configured with: /var/tmp/gcc/gcc-5664~38/src/configure --disable-checking --enable-werror --prefix=/usr --mandir=/share/man --enable-languages=c,objc,c++,obj-c++ --program-transform-name=/^[cg][^.-]*$/s/$/-4.2/ --with-slibdir=/usr/lib --build=i686-apple-darwin10 --program-prefix=i686-apple-darwin10- --host=x86_64-apple-darwin10 --target=i686-apple-darwin10 --with-gxx-include-dir=/include/c++/4.2.1
Thread model: posix
gcc version 4.2.1 (Apple Inc. build 5664)
configure:2815: $? = 0
configure:2804: /usr/bin/cc -V >&5
gcc-4.2: argument to `-V' is missing
configure:2815: $? = 1
configure:2804: /usr/bin/cc -qversion >&5
i686-apple-darwin10-gcc-4.2.1: no input files
configure:2815: $? = 1
configure:2835: checking whether the C compiler works
configure:2857: /usr/bin/cc -O3 -w -pipe   conftest.c  >&5
configure:2861: $? = 0
configure:2910: result: yes
configure:2913: checking for C compiler default output file name
configure:2915: result: a.out
configure:2921: checking for suffix of executables
configure:2928: /usr/bin/cc -o conftest -O3 -w -pipe   conftest.c  >&5
configure:2932: $? = 0
configure:2954: result: 
configure:2976: checking whether we are cross compiling
configure:2984: /usr/bin/cc -o conftest -O3 -w -pipe   conftest.c  >&5
configure:2988: $? = 0
configure:2995: ./conftest
configure:2999: $? = 0
configure:3014: result: no
configure:3019: checking for suffix of object files
configure:3041: /usr/bin/cc -c -O3 -w -pipe  conftest.c >&5
configure:3045: $? = 0
configure:3066: result: o
configure:3070: checking whether we are using the GNU C compiler
configure:3089: /usr/bin/cc -c -O3 -w -pipe  conftest.c >&5
configure:3089: $? = 0
configure:3098: result: yes
configure:3107: checking whether /usr/bin/cc accepts -g
configure:3127: /usr/bin/cc -c -g  conftest.c >&5
configure:3127: $? = 0
configure:3168: result: yes
configure:3185: checking for /usr/bin/cc option to accept ISO C89
configure:3249: /usr/bin/cc  -c -O3 -w -pipe  conftest.c >&5
configure:3249: $? = 0
configure:3262: result: none needed
configure:3287: checking how to run the C preprocessor
configure:3318: /usr/bin/cc -E  conftest.c
configure:3318: $? = 0
configure:3332: /usr/bin/cc -E  conftest.c
conftest.c:9:28: error: ac_nonexistent.h: No such file or directory
configure:3332: $? = 1
configure: failed program was:
| /* confdefs.h */
| #define PACKAGE_NAME "libffcall/vacall_r"
| #define PACKAGE_TARNAME "libffcall-vacall_r"
| #define PACKAGE_VERSION "0x010B"
| #define PACKAGE_STRING "libffcall/vacall_r 0x010B"
| #define PACKAGE_BUGREPORT ""
| #define PACKAGE_URL ""
| /* end confdefs.h.  */
| #include <ac_nonexistent.h>
configure:3357: result: /usr/bin/cc -E
configure:3377: /usr/bin/cc -E  conftest.c
configure:3377: $? = 0
configure:3391: /usr/bin/cc -E  conftest.c
conftest.c:9:28: error: ac_nonexistent.h: No such file or directory
configure:3391: $? = 1
configure: failed program was:
| /* confdefs.h */
| #define PACKAGE_NAME "libffcall/vacall_r"
| #define PACKAGE_TARNAME "libffcall-vacall_r"
| #define PACKAGE_VERSION "0x010B"
| #define PACKAGE_STRING "libffcall/vacall_r 0x010B"
| #define PACKAGE_BUGREPORT ""
| #define PACKAGE_URL ""
| /* end confdefs.h.  */
| #include <ac_nonexistent.h>
configure:3421: checking for grep that handles long lines and -e
configure:3479: result: /usr/bin/grep
configure:3484: checking for egrep
configure:3546: result: /usr/bin/grep -E
configure:3552: checking whether /usr/bin/cc needs -traditional
conftest.c:9:20: error: termio.h: No such file or directory
configure:3586: result: no
configure:3594: checking whether using GNU C
configure:3617: result: yes
configure:3629: checking for underscore in external names
configure:3643: /usr/bin/cc -S conftest.c
configure:3646: $? = 0
configure:3656: result: yes
configure:3710: checking for ranlib
configure:3726: found /usr/bin/ranlib
configure:3737: result: ranlib
configure:3759: checking whether make sets $(MAKE)
configure:3781: result: yes
configure:3827: checking for a BSD-compatible install
configure:3895: result: /usr/bin/install -c
configure:3906: checking how to make hard links
configure:3922: result: ln
configure:3930: checking build system type
configure:3944: result: x86_64-apple-darwin10.4.0
configure:3964: checking host system type
configure:3977: result: x86_64-apple-darwin10.4.0
configure:3999: checking host CPU and C ABI
configure:4141: result: x86_64
configure:4231: checking for a sed that does not truncate output
configure:4287: result: /usr/bin/sed
configure:4301: checking for ld used by /usr/bin/cc
configure:4368: result: /usr/bin/cc
configure:4375: checking if the linker (/usr/bin/cc) is GNU ld
configure:4390: result: no
configure:4395: checking for /usr/bin/cc option to reload object files
configure:4402: result: -r
configure:4420: checking for BSD-compatible nm
configure:4469: result: /usr/bin/nm
configure:4473: checking whether ln -s works
configure:4477: result: yes
configure:4484: checking how to recognize dependent libraries
configure:4670: result: pass_all
configure:4884: checking for ANSI C header files
configure:4904: /usr/bin/cc -c -O3 -w -pipe  conftest.c >&5
configure:4904: $? = 0
configure:4977: /usr/bin/cc -o conftest -O3 -w -pipe   conftest.c  >&5
configure:4977: $? = 0
configure:4977: ./conftest
configure:4977: $? = 0
configure:4988: result: yes
configure:5001: checking for sys/types.h
configure:5001: /usr/bin/cc -c -O3 -w -pipe  conftest.c >&5
configure:5001: $? = 0
configure:5001: result: yes
configure:5001: checking for sys/stat.h
configure:5001: /usr/bin/cc -c -O3 -w -pipe  conftest.c >&5
configure:5001: $? = 0
configure:5001: result: yes
configure:5001: checking for stdlib.h
configure:5001: /usr/bin/cc -c -O3 -w -pipe  conftest.c >&5
configure:5001: $? = 0
configure:5001: result: yes
configure:5001: checking for string.h
configure:5001: /usr/bin/cc -c -O3 -w -pipe  conftest.c >&5
configure:5001: $? = 0
configure:5001: result: yes
configure:5001: checking for memory.h
configure:5001: /usr/bin/cc -c -O3 -w -pipe  conftest.c >&5
configure:5001: $? = 0
configure:5001: result: yes
configure:5001: checking for strings.h
configure:5001: /usr/bin/cc -c -O3 -w -pipe  conftest.c >&5
configure:5001: $? = 0
configure:5001: result: yes
configure:5001: checking for inttypes.h
configure:5001: /usr/bin/cc -c -O3 -w -pipe  conftest.c >&5
configure:5001: $? = 0
configure:5001: result: yes
configure:5001: checking for stdint.h
configure:5001: /usr/bin/cc -c -O3 -w -pipe  conftest.c >&5
configure:5001: $? = 0
configure:5001: result: yes
configure:5001: checking for unistd.h
configure:5001: /usr/bin/cc -c -O3 -w -pipe  conftest.c >&5
configure:5001: $? = 0
configure:5001: result: yes
configure:5016: checking dlfcn.h usability
configure:5016: /usr/bin/cc -c -O3 -w -pipe  conftest.c >&5
configure:5016: $? = 0
configure:5016: result: yes
configure:5016: checking dlfcn.h presence
configure:5016: /usr/bin/cc -E  conftest.c
configure:5016: $? = 0
configure:5016: result: yes
configure:5016: checking for dlfcn.h
configure:5016: result: yes
configure:5138: checking for C++ compiler version
configure:5147: /usr/bin/c++ --version >&5
i686-apple-darwin10-g++-4.2.1 (GCC) 4.2.1 (Apple Inc. build 5664)
Copyright (C) 2007 Free Software Foundation, Inc.
This is free software; see the source for copying conditions.  There is NO
warranty; not even for MERCHANTABILITY or FITNESS FOR A PARTICULAR PURPOSE.

configure:5158: $? = 0
configure:5147: /usr/bin/c++ -v >&5
Using built-in specs.
Target: i686-apple-darwin10
Configured with: /var/tmp/gcc/gcc-5664~38/src/configure --disable-checking --enable-werror --prefix=/usr --mandir=/share/man --enable-languages=c,objc,c++,obj-c++ --program-transform-name=/^[cg][^.-]*$/s/$/-4.2/ --with-slibdir=/usr/lib --build=i686-apple-darwin10 --program-prefix=i686-apple-darwin10- --host=x86_64-apple-darwin10 --target=i686-apple-darwin10 --with-gxx-include-dir=/include/c++/4.2.1
Thread model: posix
gcc version 4.2.1 (Apple Inc. build 5664)
configure:5158: $? = 0
configure:5147: /usr/bin/c++ -V >&5
c++-4.2: argument to `-V' is missing
configure:5158: $? = 1
configure:5147: /usr/bin/c++ -qversion >&5
i686-apple-darwin10-g++-4.2.1: no input files
configure:5158: $? = 1
configure:5162: checking whether we are using the GNU C++ compiler
configure:5181: /usr/bin/c++ -c -O3 -w -pipe  conftest.cpp >&5
configure:5181: $? = 0
configure:5190: result: yes
configure:5199: checking whether /usr/bin/c++ accepts -g
configure:5219: /usr/bin/c++ -c -g  conftest.cpp >&5
configure:5219: $? = 0
configure:5260: result: yes
configure:5293: checking how to run the C++ preprocessor
configure:5320: /usr/bin/c++ -E  conftest.cpp
configure:5320: $? = 0
configure:5334: /usr/bin/c++ -E  conftest.cpp
conftest.cpp:24:28: error: ac_nonexistent.h: No such file or directory
configure:5334: $? = 1
configure: failed program was:
| /* confdefs.h */
| #define PACKAGE_NAME "libffcall/vacall_r"
| #define PACKAGE_TARNAME "libffcall-vacall_r"
| #define PACKAGE_VERSION "0x010B"
| #define PACKAGE_STRING "libffcall/vacall_r 0x010B"
| #define PACKAGE_BUGREPORT ""
| #define PACKAGE_URL ""
| #define ASM_UNDERSCORE /**/
| #ifndef __x86_64__
| #define __x86_64__ 1
| #endif
| #define STDC_HEADERS 1
| #define HAVE_SYS_TYPES_H 1
| #define HAVE_SYS_STAT_H 1
| #define HAVE_STDLIB_H 1
| #define HAVE_STRING_H 1
| #define HAVE_MEMORY_H 1
| #define HAVE_STRINGS_H 1
| #define HAVE_INTTYPES_H 1
| #define HAVE_STDINT_H 1
| #define HAVE_UNISTD_H 1
| #define HAVE_DLFCN_H 1
| /* end confdefs.h.  */
| #include <ac_nonexistent.h>
configure:5359: result: /usr/bin/c++ -E
configure:5379: /usr/bin/c++ -E  conftest.cpp
configure:5379: $? = 0
configure:5393: /usr/bin/c++ -E  conftest.cpp
conftest.cpp:24:28: error: ac_nonexistent.h: No such file or directory
configure:5393: $? = 1
configure: failed program was:
| /* confdefs.h */
| #define PACKAGE_NAME "libffcall/vacall_r"
| #define PACKAGE_TARNAME "libffcall-vacall_r"
| #define PACKAGE_VERSION "0x010B"
| #define PACKAGE_STRING "libffcall/vacall_r 0x010B"
| #define PACKAGE_BUGREPORT ""
| #define PACKAGE_URL ""
| #define ASM_UNDERSCORE /**/
| #ifndef __x86_64__
| #define __x86_64__ 1
| #endif
| #define STDC_HEADERS 1
| #define HAVE_SYS_TYPES_H 1
| #define HAVE_SYS_STAT_H 1
| #define HAVE_STDLIB_H 1
| #define HAVE_STRING_H 1
| #define HAVE_MEMORY_H 1
| #define HAVE_STRINGS_H 1
| #define HAVE_INTTYPES_H 1
| #define HAVE_STDINT_H 1
| #define HAVE_UNISTD_H 1
| #define HAVE_DLFCN_H 1
| /* end confdefs.h.  */
| #include <ac_nonexistent.h>
configure:5477: checking for g77
configure:5507: result: no
configure:5477: checking for xlf
configure:5507: result: no
configure:5477: checking for f77
configure:5507: result: no
configure:5477: checking for frt
configure:5507: result: no
configure:5477: checking for pgf77
configure:5507: result: no
configure:5477: checking for cf77
configure:5507: result: no
configure:5477: checking for fort77
configure:5507: result: no
configure:5477: checking for fl32
configure:5507: result: no
configure:5477: checking for af77
configure:5507: result: no
configure:5477: checking for xlf90
configure:5507: result: no
configure:5477: checking for f90
configure:5507: result: no
configure:5477: checking for pgf90
configure:5507: result: no
configure:5477: checking for pghpf
configure:5507: result: no
configure:5477: checking for epcf90
configure:5507: result: no
configure:5477: checking for gfortran
configure:5507: result: no
configure:5477: checking for g95
configure:5507: result: no
configure:5477: checking for xlf95
configure:5507: result: no
configure:5477: checking for f95
configure:5507: result: no
configure:5477: checking for fort
configure:5507: result: no
configure:5477: checking for ifort
configure:5507: result: no
configure:5477: checking for ifc
configure:5507: result: no
configure:5477: checking for efc
configure:5507: result: no
configure:5477: checking for pgf95
configure:5507: result: no
configure:5477: checking for lf95
configure:5507: result: no
configure:5477: checking for ftn
configure:5507: result: no
configure:5530: checking for Fortran 77 compiler version
configure:5539:  --version >&5
./configure: line 5541: --version: command not found
configure:5550: $? = 127
configure:5539:  -v >&5
./configure: line 5541: -v: command not found
configure:5550: $? = 127
configure:5539:  -V >&5
./configure: line 5541: -V: command not found
configure:5550: $? = 127
configure:5539:  -qversion >&5
./configure: line 5541: -qversion: command not found
configure:5550: $? = 127
configure:5559: checking whether we are using the GNU Fortran 77 compiler
configure:5572:  -c  conftest.F >&5
./configure: line 2064: -c: command not found
configure:5572: $? = 127
configure: failed program was:
|       program main
| #ifndef __GNUC__
|        choke me
| #endif
| 
|       end
configure:5581: result: no
configure:5587: checking whether  accepts -g
configure:5598:  -c -g conftest.f >&5
./configure: line 2064: -c: command not found
configure:5598: $? = 127
configure: failed program was:
|       program main
| 
|       end
configure:5606: result: no
configure:5639: checking the maximum length of command line arguments
configure:5751: result: 196608
configure:5763: checking command to parse /usr/bin/nm output from /usr/bin/cc object
configure:5868: /usr/bin/cc -c -O3 -w -pipe  conftest.c >&5
configure:5871: $? = 0
configure:5875: /usr/bin/nm conftest.o \| sed -n -e 's/^.*[ 	]\([BCDEGRST][BCDEGRST]*\)[ 	][ 	]*\([_A-Za-z][_A-Za-z0-9]*\)$/\1 \2 \2/p' \> conftest.nm
configure:5878: $? = 0
cannot find nm_test_var in conftest.nm
configure:5868: /usr/bin/cc -c -O3 -w -pipe  conftest.c >&5
configure:5871: $? = 0
configure:5875: /usr/bin/nm conftest.o \| sed -n -e 's/^.*[ 	]\([BCDEGRST][BCDEGRST]*\)[ 	][ 	]*_\([_A-Za-z][_A-Za-z0-9]*\)$/\1 _\2 \2/p' \> conftest.nm
configure:5878: $? = 0
configure:5930: /usr/bin/cc -o conftest -O3 -w -pipe   conftest.c conftstm.o >&5
configure:5933: $? = 0
configure:5971: result: ok
configure:5975: checking for objdir
configure:5990: result: .libs
configure:6082: checking for ar
configure:6098: found /usr/bin/ar
configure:6109: result: ar
configure:6174: checking for ranlib
configure:6201: result: ranlib
configure:6266: checking for strip
configure:6282: found /usr/bin/strip
configure:6293: result: strip
configure:6546: checking for dsymutil
configure:6562: found /usr/bin/dsymutil
configure:6573: result: dsymutil
configure:6638: checking for nmedit
configure:6654: found /usr/bin/nmedit
configure:6665: result: nmedit
configure:6688: checking for -single_module linker flag
configure:6709: result: yes
configure:6711: checking for -exported_symbols_list linker flag
configure:6731: /usr/bin/cc -o conftest -O3 -w -pipe   -Wl,-exported_symbols_list,conftest.sym conftest.c  >&5
configure:6731: $? = 0
configure:6741: result: yes
configure:6854: checking if /usr/bin/cc supports -fno-rtti -fno-exceptions
configure:6872: /usr/bin/cc -c -O3 -w -pipe  -fno-rtti -fno-exceptions conftest.c >&5
configure:6876: $? = 0
configure:6889: result: yes
configure:6904: checking for /usr/bin/cc option to produce PIC
configure:7136: result: -fno-common
configure:7144: checking if /usr/bin/cc PIC flag -fno-common works
configure:7162: /usr/bin/cc -c -O3 -w -pipe  -fno-common -DPIC conftest.c >&5
configure:7166: $? = 0
configure:7179: result: yes
configure:7207: checking if /usr/bin/cc static flag -static works
configure:7235: result: no
configure:7245: checking if /usr/bin/cc supports -c -o file.o
configure:7266: /usr/bin/cc -c -O3 -w -pipe  -o out/conftest2.o conftest.c >&5
configure:7270: $? = 0
configure:7292: result: yes
configure:7318: checking whether the /usr/bin/cc linker (/usr/bin/cc) supports shared libraries
configure:8244: result: yes
configure:8311: checking dynamic linker characteristics
configure:8913: result: darwin10.4.0 dyld
configure:8937: checking how to hardcode library paths into programs
configure:8962: result: immediate
configure:8976: checking whether stripping libraries is possible
configure:8990: result: yes
configure:9498: checking if libtool supports shared libraries
configure:9500: result: yes
configure:9503: checking whether to build shared libraries
configure:9524: result: no
configure:9527: checking whether to build static libraries
configure:9531: result: yes
configure:9625: creating libtool
configure:10214: checking for ld used by /usr/bin/c++
configure:10281: result: /usr/bin/cc
configure:10288: checking if the linker (/usr/bin/cc) is GNU ld
configure:10303: result: no
configure:10354: checking whether the /usr/bin/c++ linker (/usr/bin/cc) supports shared libraries
configure:11246: result: yes
configure:11263: /usr/bin/c++ -c -O3 -w -pipe  conftest.cpp >&5
configure:11266: $? = 0
configure:11422: checking for /usr/bin/c++ option to produce PIC
configure:11706: result: -fno-common
configure:11714: checking if /usr/bin/c++ PIC flag -fno-common works
configure:11732: /usr/bin/c++ -c -O3 -w -pipe  -fno-common -DPIC conftest.cpp >&5
configure:11736: $? = 0
configure:11749: result: yes
configure:11777: checking if /usr/bin/c++ static flag -static works
configure:11805: result: no
configure:11815: checking if /usr/bin/c++ supports -c -o file.o
configure:11836: /usr/bin/c++ -c -O3 -w -pipe  -o out/conftest2.o conftest.cpp >&5
configure:11840: $? = 0
configure:11862: result: yes
configure:11888: checking whether the /usr/bin/c++ linker (/usr/bin/cc) supports shared libraries
configure:11914: result: yes
configure:11981: checking dynamic linker characteristics
configure:12531: result: darwin10.4.0 dyld
configure:12555: checking how to hardcode library paths into programs
configure:12580: result: immediate
configure:18698: checking for pcc non-reentrant struct return convention
configure:18809: /usr/bin/cc -o conftest -O3 -w -pipe -O0   conftest.c  >&5
configure:18809: $? = 0
configure:18809: ./conftest
configure:18809: $? = 1
configure: program exited with status 1
configure: failed program was:
| /* confdefs.h */
| #define PACKAGE_NAME "libffcall/vacall_r"
| #define PACKAGE_TARNAME "libffcall-vacall_r"
| #define PACKAGE_VERSION "0x010B"
| #define PACKAGE_STRING "libffcall/vacall_r 0x010B"
| #define PACKAGE_BUGREPORT ""
| #define PACKAGE_URL ""
| #define ASM_UNDERSCORE /**/
| #ifndef __x86_64__
| #define __x86_64__ 1
| #endif
| #define STDC_HEADERS 1
| #define HAVE_SYS_TYPES_H 1
| #define HAVE_SYS_STAT_H 1
| #define HAVE_STDLIB_H 1
| #define HAVE_STRING_H 1
| #define HAVE_MEMORY_H 1
| #define HAVE_STRINGS_H 1
| #define HAVE_INTTYPES_H 1
| #define HAVE_STDINT_H 1
| #define HAVE_UNISTD_H 1
| #define HAVE_DLFCN_H 1
| /* end confdefs.h.  */
| 
| #include <stdlib.h>
| #if defined __MACH__ && defined __APPLE__
| /* Avoid a crash on MacOS X.  */
| #include <mach/mach.h>
| #include <mach/mach_error.h>
| #include <mach/thread_status.h>
| #include <mach/exception.h>
| #include <mach/task.h>
| #include <pthread.h>
| /* The exception port on which our thread listens.  */
| static mach_port_t our_exception_port;
| /* The main function of the thread listening for exceptions of type
|    EXC_BAD_ACCESS.  */
| static void *
| mach_exception_thread (void *arg)
| {
|   /* Buffer for a message to be received.  */
|   struct {
|     mach_msg_header_t head;
|     mach_msg_body_t msgh_body;
|     char data[1024];
|   } msg;
|   mach_msg_return_t retval;
|   /* Wait for a message on the exception port.  */
|   retval = mach_msg (&msg.head, MACH_RCV_MSG | MACH_RCV_LARGE, 0, sizeof (msg),
|                      our_exception_port, MACH_MSG_TIMEOUT_NONE, MACH_PORT_NULL);
|   if (retval != MACH_MSG_SUCCESS)
|     abort ();
|   exit (1);
| }
| static void
| nocrash_init (void)
| {
|   mach_port_t self = mach_task_self ();
|   /* Allocate a port on which the thread shall listen for exceptions.  */
|   if (mach_port_allocate (self, MACH_PORT_RIGHT_RECEIVE, &our_exception_port)
|       == KERN_SUCCESS) {
|     /* See http://web.mit.edu/darwin/src/modules/xnu/osfmk/man/mach_port_insert_right.html.  */
|     if (mach_port_insert_right (self, our_exception_port, our_exception_port,
|                                 MACH_MSG_TYPE_MAKE_SEND)
|         == KERN_SUCCESS) {
|       /* The exceptions we want to catch.  Only EXC_BAD_ACCESS is interesting
|          for us.  */
|       exception_mask_t mask = EXC_MASK_BAD_ACCESS;
|       /* Create the thread listening on the exception port.  */
|       pthread_attr_t attr;
|       pthread_t thread;
|       if (pthread_attr_init (&attr) == 0
|           && pthread_attr_setdetachstate (&attr, PTHREAD_CREATE_DETACHED) == 0
|           && pthread_create (&thread, &attr, mach_exception_thread, NULL) == 0) {
|         pthread_attr_destroy (&attr);
|         /* Replace the exception port info for these exceptions with our own.
|            Note that we replace the exception port for the entire task, not only
|            for a particular thread.  This has the effect that when our exception
|            port gets the message, the thread specific exception port has already
|            been asked, and we don't need to bother about it.
|            See http://web.mit.edu/darwin/src/modules/xnu/osfmk/man/task_set_exception_ports.html.  */
|         task_set_exception_ports (self, mask, our_exception_port,
|                                   EXCEPTION_DEFAULT, MACHINE_THREAD_STATE);
|       }
|     }
|   }
| }
| #else
| /* Avoid a crash on POSIX systems.  */
| #include <signal.h>
| /* A POSIX signal handler.  */
| static void
| exception_handler (int sig)
| {
|   exit (1);
| }
| static void
| nocrash_init (void)
| {
| #ifdef SIGSEGV
|   signal (SIGSEGV, exception_handler);
| #endif
| #ifdef SIGBUS
|   signal (SIGBUS, exception_handler);
| #endif
| }
| #endif
| 
| typedef struct { int a; int b; int c; int d; int e; } foo;
| foo foofun () { static foo foopi = {3141,5926,5358,9793,2385}; return foopi; }
| foo* (*fun) () = (foo* (*) ()) foofun;
| int main()
| { nocrash_init();
|  {foo foo1;
|   foo* fooptr1;
|   foo foo2;
|   foo* fooptr2;
|   foo1 = foofun(); fooptr1 = (*fun)(&foo1);
|   foo2 = foofun(); fooptr2 = (*fun)(&foo2);
|   return !(fooptr1 == fooptr2 && fooptr1->c == 5358);
| }}
configure:18821: result: no
configure:18830: checking whether small structs are returned in registers
configure:18935: /usr/bin/cc -o conftest -O3 -w -pipe   conftest.c  >&5
configure:18935: $? = 0
configure:18935: ./conftest
configure:18935: $? = 0
configure:18946: result: yes
configure:18955: checking whether floats are returned in integer registers
configure:19059: /usr/bin/cc -o conftest -O3 -w -pipe   conftest.c  >&5
conftest.c: In function 'main':
conftest.c:115: note: if this code is reached, the program will abort
configure:19059: $? = 0
configure:19059: ./conftest
./configure: line 1813:   943 Illegal instruction     ./conftest$ac_exeext
configure:19059: $? = 132
configure: program exited with status 132
configure: failed program was:
| /* confdefs.h */
| #define PACKAGE_NAME "libffcall/vacall_r"
| #define PACKAGE_TARNAME "libffcall-vacall_r"
| #define PACKAGE_VERSION "0x010B"
| #define PACKAGE_STRING "libffcall/vacall_r 0x010B"
| #define PACKAGE_BUGREPORT ""
| #define PACKAGE_URL ""
| #define ASM_UNDERSCORE /**/
| #ifndef __x86_64__
| #define __x86_64__ 1
| #endif
| #define STDC_HEADERS 1
| #define HAVE_SYS_TYPES_H 1
| #define HAVE_SYS_STAT_H 1
| #define HAVE_STDLIB_H 1
| #define HAVE_STRING_H 1
| #define HAVE_MEMORY_H 1
| #define HAVE_STRINGS_H 1
| #define HAVE_INTTYPES_H 1
| #define HAVE_STDINT_H 1
| #define HAVE_UNISTD_H 1
| #define HAVE_DLFCN_H 1
| #define __SMALL_STRUCT_RETURN__ /**/
| /* end confdefs.h.  */
| 
| #include <stdlib.h>
| #if defined __MACH__ && defined __APPLE__
| /* Avoid a crash on MacOS X.  */
| #include <mach/mach.h>
| #include <mach/mach_error.h>
| #include <mach/thread_status.h>
| #include <mach/exception.h>
| #include <mach/task.h>
| #include <pthread.h>
| /* The exception port on which our thread listens.  */
| static mach_port_t our_exception_port;
| /* The main function of the thread listening for exceptions of type
|    EXC_BAD_ACCESS.  */
| static void *
| mach_exception_thread (void *arg)
| {
|   /* Buffer for a message to be received.  */
|   struct {
|     mach_msg_header_t head;
|     mach_msg_body_t msgh_body;
|     char data[1024];
|   } msg;
|   mach_msg_return_t retval;
|   /* Wait for a message on the exception port.  */
|   retval = mach_msg (&msg.head, MACH_RCV_MSG | MACH_RCV_LARGE, 0, sizeof (msg),
|                      our_exception_port, MACH_MSG_TIMEOUT_NONE, MACH_PORT_NULL);
|   if (retval != MACH_MSG_SUCCESS)
|     abort ();
|   exit (1);
| }
| static void
| nocrash_init (void)
| {
|   mach_port_t self = mach_task_self ();
|   /* Allocate a port on which the thread shall listen for exceptions.  */
|   if (mach_port_allocate (self, MACH_PORT_RIGHT_RECEIVE, &our_exception_port)
|       == KERN_SUCCESS) {
|     /* See http://web.mit.edu/darwin/src/modules/xnu/osfmk/man/mach_port_insert_right.html.  */
|     if (mach_port_insert_right (self, our_exception_port, our_exception_port,
|                                 MACH_MSG_TYPE_MAKE_SEND)
|         == KERN_SUCCESS) {
|       /* The exceptions we want to catch.  Only EXC_BAD_ACCESS is interesting
|          for us.  */
|       exception_mask_t mask = EXC_MASK_BAD_ACCESS;
|       /* Create the thread listening on the exception port.  */
|       pthread_attr_t attr;
|       pthread_t thread;
|       if (pthread_attr_init (&attr) == 0
|           && pthread_attr_setdetachstate (&attr, PTHREAD_CREATE_DETACHED) == 0
|           && pthread_create (&thread, &attr, mach_exception_thread, NULL) == 0) {
|         pthread_attr_destroy (&attr);
|         /* Replace the exception port info for these exceptions with our own.
|            Note that we replace the exception port for the entire task, not only
|            for a particular thread.  This has the effect that when our exception
|            port gets the message, the thread specific exception port has already
|            been asked, and we don't need to bother about it.
|            See http://web.mit.edu/darwin/src/modules/xnu/osfmk/man/task_set_exception_ports.html.  */
|         task_set_exception_ports (self, mask, our_exception_port,
|                                   EXCEPTION_DEFAULT, MACHINE_THREAD_STATE);
|       }
|     }
|   }
| }
| #else
| /* Avoid a crash on POSIX systems.  */
| #include <signal.h>
| /* A POSIX signal handler.  */
| static void
| exception_handler (int sig)
| {
|   exit (1);
| }
| static void
| nocrash_init (void)
| {
| #ifdef SIGSEGV
|   signal (SIGSEGV, exception_handler);
| #endif
| #ifdef SIGBUS
|   signal (SIGBUS, exception_handler);
| #endif
| }
| #endif
| 
| float x = (float)1.2;
| float y = (float)1.3;
| float fun () { return x*y; }
| int main()
| { nocrash_init();
|  {int val = (* (int (*) ()) fun) ();
|   return !(val == 0x3FC7AE15 || val == 0x15AEC73F);
| }}
configure:19070: result: no
configure:19080: checking for long long int
configure:19117: /usr/bin/cc -o conftest -O3 -w -pipe   conftest.c  >&5
configure:19117: $? = 0
configure:19147: /usr/bin/cc -o conftest -O3 -w -pipe   conftest.c  >&5
configure:19147: $? = 0
configure:19147: ./conftest
configure:19147: $? = 0
configure:19162: result: yes
configure:19170: checking whether char is unsigned
configure:19188: /usr/bin/cc -c -O3 -w -pipe  conftest.c >&5
configure:19188: $? = 0
configure:19195: result: no
configure:19304: creating ./config.status

## ---------------------- ##
## Running config.status. ##
## ---------------------- ##

This file was extended by libffcall/vacall_r config.status 0x010B, which was
generated by GNU Autoconf 2.65.  Invocation command line was

  CONFIG_FILES    = 
  CONFIG_HEADERS  = 
  CONFIG_LINKS    = 
  CONFIG_COMMANDS = 
  $ ./config.status 

on vinyl

config.status:845: creating Makefile
config.status:845: creating config.h
config.status:1011: config.h is unchanged
config.status:845: creating vacall_r.h

## ---------------- ##
## Cache variables. ##
## ---------------- ##

ac_cv_build=x86_64-apple-darwin10.4.0
ac_cv_c_char_unsigned=no
ac_cv_c_compiler_gnu=yes
ac_cv_cxx_compiler_gnu=yes
ac_cv_env_CCC_set=
ac_cv_env_CCC_value=
ac_cv_env_CC_set=set
ac_cv_env_CC_value=/usr/bin/cc
ac_cv_env_CFLAGS_set=set
ac_cv_env_CFLAGS_value='-O3 -w -pipe'
ac_cv_env_CPPFLAGS_set=
ac_cv_env_CPPFLAGS_value=
ac_cv_env_CPP_set=
ac_cv_env_CPP_value=
ac_cv_env_CXXCPP_set=
ac_cv_env_CXXCPP_value=
ac_cv_env_CXXFLAGS_set=set
ac_cv_env_CXXFLAGS_value='-O3 -w -pipe'
ac_cv_env_CXX_set=set
ac_cv_env_CXX_value=/usr/bin/c++
ac_cv_env_F77_set=
ac_cv_env_F77_value=
ac_cv_env_FFLAGS_set=
ac_cv_env_FFLAGS_value=
ac_cv_env_LDFLAGS_set=
ac_cv_env_LDFLAGS_value=
ac_cv_env_LIBS_set=
ac_cv_env_LIBS_value=
ac_cv_env_build_alias_set=set
ac_cv_env_build_alias_value=x86_64-apple-darwin10.4.0
ac_cv_env_host_alias_set=
ac_cv_env_host_alias_value=
ac_cv_env_target_alias_set=
ac_cv_env_target_alias_value=
ac_cv_f77_compiler_gnu=no
ac_cv_header_dlfcn_h=yes
ac_cv_header_inttypes_h=yes
ac_cv_header_memory_h=yes
ac_cv_header_stdc=yes
ac_cv_header_stdint_h=yes
ac_cv_header_stdlib_h=yes
ac_cv_header_string_h=yes
ac_cv_header_strings_h=yes
ac_cv_header_sys_stat_h=yes
ac_cv_header_sys_types_h=yes
ac_cv_header_unistd_h=yes
ac_cv_host=x86_64-apple-darwin10.4.0
ac_cv_objext=o
ac_cv_path_EGREP='/usr/bin/grep -E'
ac_cv_path_GREP=/usr/bin/grep
ac_cv_path_install='/usr/bin/install -c'
ac_cv_prog_CPP='/usr/bin/cc -E'
ac_cv_prog_CXXCPP='/usr/bin/c++ -E'
ac_cv_prog_ac_ct_AR=ar
ac_cv_prog_ac_ct_CC=/usr/bin/cc
ac_cv_prog_ac_ct_DSYMUTIL=dsymutil
ac_cv_prog_ac_ct_NMEDIT=nmedit
ac_cv_prog_ac_ct_RANLIB=ranlib
ac_cv_prog_ac_ct_STRIP=strip
ac_cv_prog_cc_c89=
ac_cv_prog_cc_g=yes
ac_cv_prog_cxx_g=yes
ac_cv_prog_f77_g=no
ac_cv_prog_gcc_traditional=no
ac_cv_prog_make_make_set=yes
ac_cv_type_long_long_int=yes
cl_cv_prog_LN=ln
cl_cv_prog_as_underscore=yes
cl_cv_prog_cc_gcc=yes
ffcall_cv_c_float_return_ireg=no
ffcall_cv_c_struct_return_small=yes
ffcall_cv_c_struct_return_static=no
gl_cv_host_cpu_c_abi=x86_64
lt_cv_apple_cc_single_mod=yes
lt_cv_deplibs_check_method=pass_all
lt_cv_file_magic_cmd='$MAGIC_CMD'
lt_cv_file_magic_test_file=
lt_cv_ld_exported_symbols_list=yes
lt_cv_ld_reload_flag=-r
lt_cv_objdir=.libs
lt_cv_path_LD=/usr/bin/cc
lt_cv_path_LDCXX=/usr/bin/cc
lt_cv_path_NM=/usr/bin/nm
lt_cv_path_SED=/usr/bin/sed
lt_cv_prog_compiler_c_o=yes
lt_cv_prog_compiler_c_o_CXX=yes
lt_cv_prog_compiler_pic_works=yes
lt_cv_prog_compiler_pic_works_CXX=yes
lt_cv_prog_compiler_rtti_exceptions=yes
lt_cv_prog_compiler_static_works=no
lt_cv_prog_compiler_static_works_CXX=no
lt_cv_prog_gnu_ld=no
lt_cv_prog_gnu_ldcxx=no
lt_cv_sys_global_symbol_pipe='sed -n -e '\''s/^.*[ 	]\([BCDEGRST][BCDEGRST]*\)[ 	][ 	]*_\([_A-Za-z][_A-Za-z0-9]*\)$/\1 _\2 \2/p'\'''
lt_cv_sys_global_symbol_to_c_name_address='sed -n -e '\''s/^: \([^ ]*\) $/  {\"\1\", (lt_ptr) 0},/p'\'' -e '\''s/^[BCDEGRST] \([^ ]*\) \([^ ]*\)$/  {"\2", (lt_ptr) \&\2},/p'\'''
lt_cv_sys_global_symbol_to_cdecl='sed -n -e '\''s/^. .* \(.*\)$/extern int \1;/p'\'''
lt_cv_sys_lib_dlsearch_path_spec='/usr/local/lib /lib /usr/lib'
lt_cv_sys_lib_search_path_spec='/usr/lib/gcc/i686-apple-darwin10/4.2.1/x86_64 /usr/lib/i686-apple-darwin10/4.2.1 /usr/lib /usr/local/lib'
lt_cv_sys_max_cmd_len=196608
lt_lt_cv_prog_compiler_c_o='"yes"'
lt_lt_cv_prog_compiler_c_o_CXX='"yes"'
lt_lt_cv_sys_global_symbol_pipe='"sed -n -e '\''s/^.*[ 	]\\([BCDEGRST][BCDEGRST]*\\)[ 	][ 	]*_\\([_A-Za-z][_A-Za-z0-9]*\\)\$/\\1 _\\2 \\2/p'\''"'
lt_lt_cv_sys_global_symbol_to_c_name_address='"sed -n -e '\''s/^: \\([^ ]*\\) \$/  {\\\"\\1\\\", (lt_ptr) 0},/p'\'' -e '\''s/^[BCDEGRST] \\([^ ]*\\) \\([^ ]*\\)\$/  {\"\\2\", (lt_ptr) \\&\\2},/p'\''"'
lt_lt_cv_sys_global_symbol_to_cdecl='"sed -n -e '\''s/^. .* \\(.*\\)\$/extern int \\1;/p'\''"'

## ----------------- ##
## Output variables. ##
## ----------------- ##

AR='ar'
AS_UNDERSCORE='true'
CC='/usr/bin/cc'
CC_GCC='true'
CFLAGS='-O3 -w -pipe'
CPP='/usr/bin/cc -E'
CPPFLAGS=''
CXX='/usr/bin/c++'
CXXCPP='/usr/bin/c++ -E'
CXXFLAGS='-O3 -w -pipe'
DEFS='-DHAVE_CONFIG_H'
DSYMUTIL='dsymutil'
ECHO='echo'
ECHO_C=''
ECHO_N='-n'
ECHO_T=''
EGREP='/usr/bin/grep -E'
EXEEXT=''
F77=''
FFLAGS=''
GCC_X_NONE='-x none'
GREP='/usr/bin/grep'
HOST_CPU_C_ABI='x86_64'
INSTALL_DATA='${INSTALL} -m 644'
INSTALL_PROGRAM='${INSTALL}'
INSTALL_SCRIPT='${INSTALL}'
LDFLAGS=''
LIBOBJS=''
LIBS=''
LIBTOOL='$(SHELL) $(top_builddir)/libtool'
LN='ln'
LN_S='ln -s'
LTLIBOBJS=''
NMEDIT='nmedit'
OBJEXT='o'
PACKAGE_BUGREPORT=''
PACKAGE_NAME='libffcall/vacall_r'
PACKAGE_STRING='libffcall/vacall_r 0x010B'
PACKAGE_TARNAME='libffcall-vacall_r'
PACKAGE_URL=''
PACKAGE_VERSION='0x010B'
PATH_SEPARATOR=':'
RANLIB='ranlib'
SED='/usr/bin/sed'
SET_MAKE=''
SHELL='/bin/sh'
STRIP='strip'
ac_ct_CC='/usr/bin/cc'
ac_ct_CXX=''
ac_ct_F77=''
bindir='${exec_prefix}/bin'
build='x86_64-apple-darwin10.4.0'
build_alias='x86_64-apple-darwin10.4.0'
build_cpu='x86_64'
build_os='darwin10.4.0'
build_vendor='apple'
datadir='${datarootdir}'
datarootdir='${prefix}/share'
docdir='${datarootdir}/doc/${PACKAGE_TARNAME}'
dvidir='${docdir}'
exec_prefix='${prefix}'
host='x86_64-apple-darwin10.4.0'
host_alias=''
host_cpu='x86_64'
host_os='darwin10.4.0'
host_vendor='apple'
htmldir='${docdir}'
includedir='${prefix}/include'
infodir='${datarootdir}/info'
libdir='${exec_prefix}/lib'
libexecdir='${exec_prefix}/libexec'
localedir='${datarootdir}/locale'
localstatedir='${prefix}/var'
mandir='${datarootdir}/man'
oldincludedir='/usr/include'
pdfdir='${docdir}'
prefix='/usr/local'
program_transform_name='s,x,x,'
psdir='${docdir}'
sbindir='${exec_prefix}/sbin'
sharedstatedir='${prefix}/com'
sysconfdir='${prefix}/etc'
target_alias=''

## ----------- ##
## confdefs.h. ##
## ----------- ##

/* confdefs.h */
#define PACKAGE_NAME "libffcall/vacall_r"
#define PACKAGE_TARNAME "libffcall-vacall_r"
#define PACKAGE_VERSION "0x010B"
#define PACKAGE_STRING "libffcall/vacall_r 0x010B"
#define PACKAGE_BUGREPORT ""
#define PACKAGE_URL ""
#define ASM_UNDERSCORE /**/
#ifndef __x86_64__
#define __x86_64__ 1
#endif
#define STDC_HEADERS 1
#define HAVE_SYS_TYPES_H 1
#define HAVE_SYS_STAT_H 1
#define HAVE_STDLIB_H 1
#define HAVE_STRING_H 1
#define HAVE_MEMORY_H 1
#define HAVE_STRINGS_H 1
#define HAVE_INTTYPES_H 1
#define HAVE_STDINT_H 1
#define HAVE_UNISTD_H 1
#define HAVE_DLFCN_H 1
#define __SMALL_STRUCT_RETURN__ /**/
#define HAVE_LONG_LONG_INT 1

configure: exit 0
