This file contains any messages produced by compilers while
running configure, to aid debugging if configure makes a mistake.

It was created by libffcall/callback configure 0x010B, which was
generated by GNU Autoconf 2.65.  Invocation command line was

  $ ./configure --disable-option-checking --prefix=/usr/local --build=x86_64-apple-darwin10.4.0 build_alias=x86_64-apple-darwin10.4.0 CC=/usr/bin/cc CFLAGS=-O3 -w -pipe --cache-file=/dev/null --srcdir=.

## --------- ##
## Platform. ##
## --------- ##

hostname = vinyl
uname -m = i386
uname -r = 10.4.0
uname -s = Darwin
uname -v = Darwin Kernel Version 10.4.0: Fri Apr 23 18:28:53 PDT 2010; root:xnu-1504.7.4~1/RELEASE_I386

/usr/bin/uname -p = i386
/bin/uname -X     = unknown

/bin/arch              = unknown
/usr/bin/arch -k       = unknown
/usr/convex/getsysinfo = unknown
/usr/bin/hostinfo      = Mach kernel version:
	 Darwin Kernel Version 10.4.0: Fri Apr 23 18:28:53 PDT 2010; root:xnu-1504.7.4~1/RELEASE_I386
Kernel configured for up to 4 processors.
2 processors are physically available.
4 processors are logically available.
Processor type: i486 (Intel 80486)
Processors active: 0 1 2 3
Primary memory available: 8.00 gigabytes
Default processor set: 166 tasks, 843 threads, 4 processors
Load average: 2.11, Mach factor: 1.90
/bin/machine           = unknown
/usr/bin/oslevel       = unknown
/bin/universe          = unknown

PATH: /usr/local/bin
PATH: /usr/local/bin
PATH: /usr/bin
PATH: /bin
PATH: /usr/sbin
PATH: /sbin
PATH: /usr/local/bin
PATH: /usr/X11/bin
PATH: /opt/local/bin
PATH: /Users/enki/Code/ec2-api-tools-1.3-30349/bin
PATH: /usr/local/sbin
PATH: /opt/local/bin
PATH: /Users/enki/Code/ec2-api-tools-1.3-30349/bin
PATH: /usr/local/sbin


## ----------- ##
## Core tests. ##
## ----------- ##

configure:2540: checking for gcc
configure:2567: result: /usr/bin/cc
configure:2796: checking for C compiler version
configure:2805: /usr/bin/cc --version >&5
i686-apple-darwin10-gcc-4.2.1 (GCC) 4.2.1 (Apple Inc. build 5664)
Copyright (C) 2007 Free Software Foundation, Inc.
This is free software; see the source for copying conditions.  There is NO
warranty; not even for MERCHANTABILITY or FITNESS FOR A PARTICULAR PURPOSE.

configure:2816: $? = 0
configure:2805: /usr/bin/cc -v >&5
Using built-in specs.
Target: i686-apple-darwin10
Configured with: /var/tmp/gcc/gcc-5664~38/src/configure --disable-checking --enable-werror --prefix=/usr --mandir=/share/man --enable-languages=c,objc,c++,obj-c++ --program-transform-name=/^[cg][^.-]*$/s/$/-4.2/ --with-slibdir=/usr/lib --build=i686-apple-darwin10 --program-prefix=i686-apple-darwin10- --host=x86_64-apple-darwin10 --target=i686-apple-darwin10 --with-gxx-include-dir=/include/c++/4.2.1
Thread model: posix
gcc version 4.2.1 (Apple Inc. build 5664)
configure:2816: $? = 0
configure:2805: /usr/bin/cc -V >&5
gcc-4.2: argument to `-V' is missing
configure:2816: $? = 1
configure:2805: /usr/bin/cc -qversion >&5
i686-apple-darwin10-gcc-4.2.1: no input files
configure:2816: $? = 1
configure:2836: checking whether the C compiler works
configure:2858: /usr/bin/cc -O3 -w -pipe   conftest.c  >&5
configure:2862: $? = 0
configure:2911: result: yes
configure:2914: checking for C compiler default output file name
configure:2916: result: a.out
configure:2922: checking for suffix of executables
configure:2929: /usr/bin/cc -o conftest -O3 -w -pipe   conftest.c  >&5
configure:2933: $? = 0
configure:2955: result: 
configure:2977: checking whether we are cross compiling
configure:2985: /usr/bin/cc -o conftest -O3 -w -pipe   conftest.c  >&5
configure:2989: $? = 0
configure:2996: ./conftest
configure:3000: $? = 0
configure:3015: result: no
configure:3020: checking for suffix of object files
configure:3042: /usr/bin/cc -c -O3 -w -pipe  conftest.c >&5
configure:3046: $? = 0
configure:3067: result: o
configure:3071: checking whether we are using the GNU C compiler
configure:3090: /usr/bin/cc -c -O3 -w -pipe  conftest.c >&5
configure:3090: $? = 0
configure:3099: result: yes
configure:3108: checking whether /usr/bin/cc accepts -g
configure:3128: /usr/bin/cc -c -g  conftest.c >&5
configure:3128: $? = 0
configure:3169: result: yes
configure:3186: checking for /usr/bin/cc option to accept ISO C89
configure:3250: /usr/bin/cc  -c -O3 -w -pipe  conftest.c >&5
configure:3250: $? = 0
configure:3263: result: none needed
configure:3288: checking how to run the C preprocessor
configure:3319: /usr/bin/cc -E  conftest.c
configure:3319: $? = 0
configure:3333: /usr/bin/cc -E  conftest.c
conftest.c:9:28: error: ac_nonexistent.h: No such file or directory
configure:3333: $? = 1
configure: failed program was:
| /* confdefs.h */
| #define PACKAGE_NAME "libffcall/callback"
| #define PACKAGE_TARNAME "libffcall-callback"
| #define PACKAGE_VERSION "0x010B"
| #define PACKAGE_STRING "libffcall/callback 0x010B"
| #define PACKAGE_BUGREPORT ""
| #define PACKAGE_URL ""
| /* end confdefs.h.  */
| #include <ac_nonexistent.h>
configure:3358: result: /usr/bin/cc -E
configure:3378: /usr/bin/cc -E  conftest.c
configure:3378: $? = 0
configure:3392: /usr/bin/cc -E  conftest.c
conftest.c:9:28: error: ac_nonexistent.h: No such file or directory
configure:3392: $? = 1
configure: failed program was:
| /* confdefs.h */
| #define PACKAGE_NAME "libffcall/callback"
| #define PACKAGE_TARNAME "libffcall-callback"
| #define PACKAGE_VERSION "0x010B"
| #define PACKAGE_STRING "libffcall/callback 0x010B"
| #define PACKAGE_BUGREPORT ""
| #define PACKAGE_URL ""
| /* end confdefs.h.  */
| #include <ac_nonexistent.h>
configure:3422: checking for grep that handles long lines and -e
configure:3480: result: /usr/bin/grep
configure:3485: checking for egrep
configure:3547: result: /usr/bin/grep -E
configure:3553: checking whether /usr/bin/cc needs -traditional
conftest.c:9:20: error: termio.h: No such file or directory
configure:3587: result: no
configure:3595: checking whether using GNU C
configure:3618: result: yes
configure:3671: checking for ranlib
configure:3687: found /usr/bin/ranlib
configure:3698: result: ranlib
configure:3720: checking whether make sets $(MAKE)
configure:3742: result: yes
configure:3788: checking for a BSD-compatible install
configure:3856: result: /usr/bin/install -c
configure:3867: checking how to make hard links
configure:3883: result: ln
configure:3887: checking whether ln -s works
configure:3901: result: yes
configure:3913: checking build system type
configure:3927: result: x86_64-apple-darwin10.4.0
configure:3947: checking host system type
configure:3960: result: x86_64-apple-darwin10.4.0
configure:3982: checking host CPU and C ABI
configure:4124: result: x86_64
configure:4214: checking for a sed that does not truncate output
configure:4270: result: /usr/bin/sed
configure:4284: checking for ld used by /usr/bin/cc
configure:4351: result: /usr/bin/cc
configure:4358: checking if the linker (/usr/bin/cc) is GNU ld
configure:4373: result: no
configure:4378: checking for /usr/bin/cc option to reload object files
configure:4385: result: -r
configure:4403: checking for BSD-compatible nm
configure:4452: result: /usr/bin/nm
configure:4456: checking whether ln -s works
configure:4460: result: yes
configure:4467: checking how to recognize dependent libraries
configure:4653: result: pass_all
configure:4867: checking for ANSI C header files
configure:4887: /usr/bin/cc -c -O3 -w -pipe  conftest.c >&5
configure:4887: $? = 0
configure:4960: /usr/bin/cc -o conftest -O3 -w -pipe   conftest.c  >&5
configure:4960: $? = 0
configure:4960: ./conftest
configure:4960: $? = 0
configure:4971: result: yes
configure:4984: checking for sys/types.h
configure:4984: /usr/bin/cc -c -O3 -w -pipe  conftest.c >&5
configure:4984: $? = 0
configure:4984: result: yes
configure:4984: checking for sys/stat.h
configure:4984: /usr/bin/cc -c -O3 -w -pipe  conftest.c >&5
configure:4984: $? = 0
configure:4984: result: yes
configure:4984: checking for stdlib.h
configure:4984: /usr/bin/cc -c -O3 -w -pipe  conftest.c >&5
configure:4984: $? = 0
configure:4984: result: yes
configure:4984: checking for string.h
configure:4984: /usr/bin/cc -c -O3 -w -pipe  conftest.c >&5
configure:4984: $? = 0
configure:4984: result: yes
configure:4984: checking for memory.h
configure:4984: /usr/bin/cc -c -O3 -w -pipe  conftest.c >&5
configure:4984: $? = 0
configure:4984: result: yes
configure:4984: checking for strings.h
configure:4984: /usr/bin/cc -c -O3 -w -pipe  conftest.c >&5
configure:4984: $? = 0
configure:4984: result: yes
configure:4984: checking for inttypes.h
configure:4984: /usr/bin/cc -c -O3 -w -pipe  conftest.c >&5
configure:4984: $? = 0
configure:4984: result: yes
configure:4984: checking for stdint.h
configure:4984: /usr/bin/cc -c -O3 -w -pipe  conftest.c >&5
configure:4984: $? = 0
configure:4984: result: yes
configure:4984: checking for unistd.h
configure:4984: /usr/bin/cc -c -O3 -w -pipe  conftest.c >&5
configure:4984: $? = 0
configure:4984: result: yes
configure:4999: checking dlfcn.h usability
configure:4999: /usr/bin/cc -c -O3 -w -pipe  conftest.c >&5
configure:4999: $? = 0
configure:4999: result: yes
configure:4999: checking dlfcn.h presence
configure:4999: /usr/bin/cc -E  conftest.c
configure:4999: $? = 0
configure:4999: result: yes
configure:4999: checking for dlfcn.h
configure:4999: result: yes
configure:5121: checking for C++ compiler version
configure:5130: /usr/bin/c++ --version >&5
i686-apple-darwin10-g++-4.2.1 (GCC) 4.2.1 (Apple Inc. build 5664)
Copyright (C) 2007 Free Software Foundation, Inc.
This is free software; see the source for copying conditions.  There is NO
warranty; not even for MERCHANTABILITY or FITNESS FOR A PARTICULAR PURPOSE.

configure:5141: $? = 0
configure:5130: /usr/bin/c++ -v >&5
Using built-in specs.
Target: i686-apple-darwin10
Configured with: /var/tmp/gcc/gcc-5664~38/src/configure --disable-checking --enable-werror --prefix=/usr --mandir=/share/man --enable-languages=c,objc,c++,obj-c++ --program-transform-name=/^[cg][^.-]*$/s/$/-4.2/ --with-slibdir=/usr/lib --build=i686-apple-darwin10 --program-prefix=i686-apple-darwin10- --host=x86_64-apple-darwin10 --target=i686-apple-darwin10 --with-gxx-include-dir=/include/c++/4.2.1
Thread model: posix
gcc version 4.2.1 (Apple Inc. build 5664)
configure:5141: $? = 0
configure:5130: /usr/bin/c++ -V >&5
c++-4.2: argument to `-V' is missing
configure:5141: $? = 1
configure:5130: /usr/bin/c++ -qversion >&5
i686-apple-darwin10-g++-4.2.1: no input files
configure:5141: $? = 1
configure:5145: checking whether we are using the GNU C++ compiler
configure:5164: /usr/bin/c++ -c -O3 -w -pipe  conftest.cpp >&5
configure:5164: $? = 0
configure:5173: result: yes
configure:5182: checking whether /usr/bin/c++ accepts -g
configure:5202: /usr/bin/c++ -c -g  conftest.cpp >&5
configure:5202: $? = 0
configure:5243: result: yes
configure:5276: checking how to run the C++ preprocessor
configure:5303: /usr/bin/c++ -E  conftest.cpp
configure:5303: $? = 0
configure:5317: /usr/bin/c++ -E  conftest.cpp
conftest.cpp:23:28: error: ac_nonexistent.h: No such file or directory
configure:5317: $? = 1
configure: failed program was:
| /* confdefs.h */
| #define PACKAGE_NAME "libffcall/callback"
| #define PACKAGE_TARNAME "libffcall-callback"
| #define PACKAGE_VERSION "0x010B"
| #define PACKAGE_STRING "libffcall/callback 0x010B"
| #define PACKAGE_BUGREPORT ""
| #define PACKAGE_URL ""
| #ifndef __x86_64__
| #define __x86_64__ 1
| #endif
| #define STDC_HEADERS 1
| #define HAVE_SYS_TYPES_H 1
| #define HAVE_SYS_STAT_H 1
| #define HAVE_STDLIB_H 1
| #define HAVE_STRING_H 1
| #define HAVE_MEMORY_H 1
| #define HAVE_STRINGS_H 1
| #define HAVE_INTTYPES_H 1
| #define HAVE_STDINT_H 1
| #define HAVE_UNISTD_H 1
| #define HAVE_DLFCN_H 1
| /* end confdefs.h.  */
| #include <ac_nonexistent.h>
configure:5342: result: /usr/bin/c++ -E
configure:5362: /usr/bin/c++ -E  conftest.cpp
configure:5362: $? = 0
configure:5376: /usr/bin/c++ -E  conftest.cpp
conftest.cpp:23:28: error: ac_nonexistent.h: No such file or directory
configure:5376: $? = 1
configure: failed program was:
| /* confdefs.h */
| #define PACKAGE_NAME "libffcall/callback"
| #define PACKAGE_TARNAME "libffcall-callback"
| #define PACKAGE_VERSION "0x010B"
| #define PACKAGE_STRING "libffcall/callback 0x010B"
| #define PACKAGE_BUGREPORT ""
| #define PACKAGE_URL ""
| #ifndef __x86_64__
| #define __x86_64__ 1
| #endif
| #define STDC_HEADERS 1
| #define HAVE_SYS_TYPES_H 1
| #define HAVE_SYS_STAT_H 1
| #define HAVE_STDLIB_H 1
| #define HAVE_STRING_H 1
| #define HAVE_MEMORY_H 1
| #define HAVE_STRINGS_H 1
| #define HAVE_INTTYPES_H 1
| #define HAVE_STDINT_H 1
| #define HAVE_UNISTD_H 1
| #define HAVE_DLFCN_H 1
| /* end confdefs.h.  */
| #include <ac_nonexistent.h>
configure:5460: checking for g77
configure:5490: result: no
configure:5460: checking for xlf
configure:5490: result: no
configure:5460: checking for f77
configure:5490: result: no
configure:5460: checking for frt
configure:5490: result: no
configure:5460: checking for pgf77
configure:5490: result: no
configure:5460: checking for cf77
configure:5490: result: no
configure:5460: checking for fort77
configure:5490: result: no
configure:5460: checking for fl32
configure:5490: result: no
configure:5460: checking for af77
configure:5490: result: no
configure:5460: checking for xlf90
configure:5490: result: no
configure:5460: checking for f90
configure:5490: result: no
configure:5460: checking for pgf90
configure:5490: result: no
configure:5460: checking for pghpf
configure:5490: result: no
configure:5460: checking for epcf90
configure:5490: result: no
configure:5460: checking for gfortran
configure:5490: result: no
configure:5460: checking for g95
configure:5490: result: no
configure:5460: checking for xlf95
configure:5490: result: no
configure:5460: checking for f95
configure:5490: result: no
configure:5460: checking for fort
configure:5490: result: no
configure:5460: checking for ifort
configure:5490: result: no
configure:5460: checking for ifc
configure:5490: result: no
configure:5460: checking for efc
configure:5490: result: no
configure:5460: checking for pgf95
configure:5490: result: no
configure:5460: checking for lf95
configure:5490: result: no
configure:5460: checking for ftn
configure:5490: result: no
configure:5513: checking for Fortran 77 compiler version
configure:5522:  --version >&5
./configure: line 5524: --version: command not found
configure:5533: $? = 127
configure:5522:  -v >&5
./configure: line 5524: -v: command not found
configure:5533: $? = 127
configure:5522:  -V >&5
./configure: line 5524: -V: command not found
configure:5533: $? = 127
configure:5522:  -qversion >&5
./configure: line 5524: -qversion: command not found
configure:5533: $? = 127
configure:5542: checking whether we are using the GNU Fortran 77 compiler
configure:5555:  -c  conftest.F >&5
./configure: line 2065: -c: command not found
configure:5555: $? = 127
configure: failed program was:
|       program main
| #ifndef __GNUC__
|        choke me
| #endif
| 
|       end
configure:5564: result: no
configure:5570: checking whether  accepts -g
configure:5581:  -c -g conftest.f >&5
./configure: line 2065: -c: command not found
configure:5581: $? = 127
configure: failed program was:
|       program main
| 
|       end
configure:5589: result: no
configure:5622: checking the maximum length of command line arguments
configure:5734: result: 196608
configure:5746: checking command to parse /usr/bin/nm output from /usr/bin/cc object
configure:5851: /usr/bin/cc -c -O3 -w -pipe  conftest.c >&5
configure:5854: $? = 0
configure:5858: /usr/bin/nm conftest.o \| sed -n -e 's/^.*[ 	]\([BCDEGRST][BCDEGRST]*\)[ 	][ 	]*\([_A-Za-z][_A-Za-z0-9]*\)$/\1 \2 \2/p' \> conftest.nm
configure:5861: $? = 0
cannot find nm_test_var in conftest.nm
configure:5851: /usr/bin/cc -c -O3 -w -pipe  conftest.c >&5
configure:5854: $? = 0
configure:5858: /usr/bin/nm conftest.o \| sed -n -e 's/^.*[ 	]\([BCDEGRST][BCDEGRST]*\)[ 	][ 	]*_\([_A-Za-z][_A-Za-z0-9]*\)$/\1 _\2 \2/p' \> conftest.nm
configure:5861: $? = 0
configure:5913: /usr/bin/cc -o conftest -O3 -w -pipe   conftest.c conftstm.o >&5
configure:5916: $? = 0
configure:5954: result: ok
configure:5958: checking for objdir
configure:5973: result: .libs
configure:6065: checking for ar
configure:6081: found /usr/bin/ar
configure:6092: result: ar
configure:6157: checking for ranlib
configure:6184: result: ranlib
configure:6249: checking for strip
configure:6265: found /usr/bin/strip
configure:6276: result: strip
configure:6529: checking for dsymutil
configure:6545: found /usr/bin/dsymutil
configure:6556: result: dsymutil
configure:6621: checking for nmedit
configure:6637: found /usr/bin/nmedit
configure:6648: result: nmedit
configure:6671: checking for -single_module linker flag
configure:6692: result: yes
configure:6694: checking for -exported_symbols_list linker flag
configure:6714: /usr/bin/cc -o conftest -O3 -w -pipe   -Wl,-exported_symbols_list,conftest.sym conftest.c  >&5
configure:6714: $? = 0
configure:6724: result: yes
configure:6837: checking if /usr/bin/cc supports -fno-rtti -fno-exceptions
configure:6855: /usr/bin/cc -c -O3 -w -pipe  -fno-rtti -fno-exceptions conftest.c >&5
configure:6859: $? = 0
configure:6872: result: yes
configure:6887: checking for /usr/bin/cc option to produce PIC
configure:7119: result: -fno-common
configure:7127: checking if /usr/bin/cc PIC flag -fno-common works
configure:7145: /usr/bin/cc -c -O3 -w -pipe  -fno-common -DPIC conftest.c >&5
configure:7149: $? = 0
configure:7162: result: yes
configure:7190: checking if /usr/bin/cc static flag -static works
configure:7218: result: no
configure:7228: checking if /usr/bin/cc supports -c -o file.o
configure:7249: /usr/bin/cc -c -O3 -w -pipe  -o out/conftest2.o conftest.c >&5
configure:7253: $? = 0
configure:7275: result: yes
configure:7301: checking whether the /usr/bin/cc linker (/usr/bin/cc) supports shared libraries
configure:8227: result: yes
configure:8294: checking dynamic linker characteristics
configure:8896: result: darwin10.4.0 dyld
configure:8920: checking how to hardcode library paths into programs
configure:8945: result: immediate
configure:8959: checking whether stripping libraries is possible
configure:8973: result: yes
configure:9481: checking if libtool supports shared libraries
configure:9483: result: yes
configure:9486: checking whether to build shared libraries
configure:9507: result: no
configure:9510: checking whether to build static libraries
configure:9514: result: yes
configure:9608: creating libtool
configure:10197: checking for ld used by /usr/bin/c++
configure:10264: result: /usr/bin/cc
configure:10271: checking if the linker (/usr/bin/cc) is GNU ld
configure:10286: result: no
configure:10337: checking whether the /usr/bin/c++ linker (/usr/bin/cc) supports shared libraries
configure:11229: result: yes
configure:11246: /usr/bin/c++ -c -O3 -w -pipe  conftest.cpp >&5
configure:11249: $? = 0
configure:11405: checking for /usr/bin/c++ option to produce PIC
configure:11689: result: -fno-common
configure:11697: checking if /usr/bin/c++ PIC flag -fno-common works
configure:11715: /usr/bin/c++ -c -O3 -w -pipe  -fno-common -DPIC conftest.cpp >&5
configure:11719: $? = 0
configure:11732: result: yes
configure:11760: checking if /usr/bin/c++ static flag -static works
configure:11788: result: no
configure:11798: checking if /usr/bin/c++ supports -c -o file.o
configure:11819: /usr/bin/c++ -c -O3 -w -pipe  -o out/conftest2.o conftest.cpp >&5
configure:11823: $? = 0
configure:11845: result: yes
configure:11871: checking whether the /usr/bin/c++ linker (/usr/bin/cc) supports shared libraries
configure:11897: result: yes
configure:11964: checking dynamic linker characteristics
configure:12514: result: darwin10.4.0 dyld
configure:12538: checking how to hardcode library paths into programs
configure:12563: result: immediate
configure:18800: creating ./config.status

## ---------------------- ##
## Running config.status. ##
## ---------------------- ##

This file was extended by libffcall/callback config.status 0x010B, which was
generated by GNU Autoconf 2.65.  Invocation command line was

  CONFIG_FILES    = 
  CONFIG_HEADERS  = 
  CONFIG_LINKS    = 
  CONFIG_COMMANDS = 
  $ ./config.status 

on vinyl

config.status:842: creating Makefile
config.status:842: creating config.h
config.status:1019: config.h is unchanged
config.status:842: creating callback.h
configure:20036: === configuring in vacall_r (/private/tmp/homebrew-ffcall-2010-1-t6cE/ffcall-cvs-2010-10-27/callback/vacall_r)
configure:20099: running /bin/sh ./configure --disable-option-checking '--prefix=/usr/local'  '--build=x86_64-apple-darwin10.4.0' 'build_alias=x86_64-apple-darwin10.4.0' 'CC=/usr/bin/cc' 'CFLAGS=-O3 -w -pipe' 'CXX=/usr/bin/c++' 'CXXFLAGS=-O3 -w -pipe' --cache-file=/dev/null --srcdir=.
configure:20036: === configuring in trampoline_r (/private/tmp/homebrew-ffcall-2010-1-t6cE/ffcall-cvs-2010-10-27/callback/trampoline_r)
configure:20099: running /bin/sh ./configure --disable-option-checking '--prefix=/usr/local'  '--build=x86_64-apple-darwin10.4.0' 'build_alias=x86_64-apple-darwin10.4.0' 'CC=/usr/bin/cc' 'CFLAGS=-O3 -w -pipe' 'CXX=/usr/bin/c++' 'CXXFLAGS=-O3 -w -pipe' --cache-file=/dev/null --srcdir=.

## ---------------- ##
## Cache variables. ##
## ---------------- ##

ac_cv_build=x86_64-apple-darwin10.4.0
ac_cv_c_compiler_gnu=yes
ac_cv_cxx_compiler_gnu=yes
ac_cv_env_CCC_set=
ac_cv_env_CCC_value=
ac_cv_env_CC_set=set
ac_cv_env_CC_value=/usr/bin/cc
ac_cv_env_CFLAGS_set=set
ac_cv_env_CFLAGS_value='-O3 -w -pipe'
ac_cv_env_CPPFLAGS_set=
ac_cv_env_CPPFLAGS_value=
ac_cv_env_CPP_set=
ac_cv_env_CPP_value=
ac_cv_env_CXXCPP_set=
ac_cv_env_CXXCPP_value=
ac_cv_env_CXXFLAGS_set=set
ac_cv_env_CXXFLAGS_value='-O3 -w -pipe'
ac_cv_env_CXX_set=set
ac_cv_env_CXX_value=/usr/bin/c++
ac_cv_env_F77_set=
ac_cv_env_F77_value=
ac_cv_env_FFLAGS_set=
ac_cv_env_FFLAGS_value=
ac_cv_env_LDFLAGS_set=
ac_cv_env_LDFLAGS_value=
ac_cv_env_LIBS_set=
ac_cv_env_LIBS_value=
ac_cv_env_build_alias_set=set
ac_cv_env_build_alias_value=x86_64-apple-darwin10.4.0
ac_cv_env_host_alias_set=
ac_cv_env_host_alias_value=
ac_cv_env_target_alias_set=
ac_cv_env_target_alias_value=
ac_cv_f77_compiler_gnu=no
ac_cv_header_dlfcn_h=yes
ac_cv_header_inttypes_h=yes
ac_cv_header_memory_h=yes
ac_cv_header_stdc=yes
ac_cv_header_stdint_h=yes
ac_cv_header_stdlib_h=yes
ac_cv_header_string_h=yes
ac_cv_header_strings_h=yes
ac_cv_header_sys_stat_h=yes
ac_cv_header_sys_types_h=yes
ac_cv_header_unistd_h=yes
ac_cv_host=x86_64-apple-darwin10.4.0
ac_cv_objext=o
ac_cv_path_EGREP='/usr/bin/grep -E'
ac_cv_path_GREP=/usr/bin/grep
ac_cv_path_install='/usr/bin/install -c'
ac_cv_prog_CPP='/usr/bin/cc -E'
ac_cv_prog_CXXCPP='/usr/bin/c++ -E'
ac_cv_prog_ac_ct_AR=ar
ac_cv_prog_ac_ct_CC=/usr/bin/cc
ac_cv_prog_ac_ct_DSYMUTIL=dsymutil
ac_cv_prog_ac_ct_NMEDIT=nmedit
ac_cv_prog_ac_ct_RANLIB=ranlib
ac_cv_prog_ac_ct_STRIP=strip
ac_cv_prog_cc_c89=
ac_cv_prog_cc_g=yes
ac_cv_prog_cxx_g=yes
ac_cv_prog_f77_g=no
ac_cv_prog_gcc_traditional=no
ac_cv_prog_make_make_set=yes
cl_cv_prog_LN=ln
cl_cv_prog_LN_S_works=yes
cl_cv_prog_cc_gcc=yes
gl_cv_host_cpu_c_abi=x86_64
lt_cv_apple_cc_single_mod=yes
lt_cv_deplibs_check_method=pass_all
lt_cv_file_magic_cmd='$MAGIC_CMD'
lt_cv_file_magic_test_file=
lt_cv_ld_exported_symbols_list=yes
lt_cv_ld_reload_flag=-r
lt_cv_objdir=.libs
lt_cv_path_LD=/usr/bin/cc
lt_cv_path_LDCXX=/usr/bin/cc
lt_cv_path_NM=/usr/bin/nm
lt_cv_path_SED=/usr/bin/sed
lt_cv_prog_compiler_c_o=yes
lt_cv_prog_compiler_c_o_CXX=yes
lt_cv_prog_compiler_pic_works=yes
lt_cv_prog_compiler_pic_works_CXX=yes
lt_cv_prog_compiler_rtti_exceptions=yes
lt_cv_prog_compiler_static_works=no
lt_cv_prog_compiler_static_works_CXX=no
lt_cv_prog_gnu_ld=no
lt_cv_prog_gnu_ldcxx=no
lt_cv_sys_global_symbol_pipe='sed -n -e '\''s/^.*[ 	]\([BCDEGRST][BCDEGRST]*\)[ 	][ 	]*_\([_A-Za-z][_A-Za-z0-9]*\)$/\1 _\2 \2/p'\'''
lt_cv_sys_global_symbol_to_c_name_address='sed -n -e '\''s/^: \([^ ]*\) $/  {\"\1\", (lt_ptr) 0},/p'\'' -e '\''s/^[BCDEGRST] \([^ ]*\) \([^ ]*\)$/  {"\2", (lt_ptr) \&\2},/p'\'''
lt_cv_sys_global_symbol_to_cdecl='sed -n -e '\''s/^. .* \(.*\)$/extern int \1;/p'\'''
lt_cv_sys_lib_dlsearch_path_spec='/usr/local/lib /lib /usr/lib'
lt_cv_sys_lib_search_path_spec='/usr/lib/gcc/i686-apple-darwin10/4.2.1/x86_64 /usr/lib/i686-apple-darwin10/4.2.1 /usr/lib /usr/local/lib'
lt_cv_sys_max_cmd_len=196608
lt_lt_cv_prog_compiler_c_o='"yes"'
lt_lt_cv_prog_compiler_c_o_CXX='"yes"'
lt_lt_cv_sys_global_symbol_pipe='"sed -n -e '\''s/^.*[ 	]\\([BCDEGRST][BCDEGRST]*\\)[ 	][ 	]*_\\([_A-Za-z][_A-Za-z0-9]*\\)\$/\\1 _\\2 \\2/p'\''"'
lt_lt_cv_sys_global_symbol_to_c_name_address='"sed -n -e '\''s/^: \\([^ ]*\\) \$/  {\\\"\\1\\\", (lt_ptr) 0},/p'\'' -e '\''s/^[BCDEGRST] \\([^ ]*\\) \\([^ ]*\\)\$/  {\"\\2\", (lt_ptr) \\&\\2},/p'\''"'
lt_lt_cv_sys_global_symbol_to_cdecl='"sed -n -e '\''s/^. .* \\(.*\\)\$/extern int \\1;/p'\''"'

## ----------------- ##
## Output variables. ##
## ----------------- ##

AR='ar'
CC='/usr/bin/cc'
CC_GCC='true'
CFLAGS='-O3 -w -pipe'
CPP='/usr/bin/cc -E'
CPPFLAGS=''
CXX='/usr/bin/c++'
CXXCPP='/usr/bin/c++ -E'
CXXFLAGS='-O3 -w -pipe'
DEFS='-DHAVE_CONFIG_H'
DSYMUTIL='dsymutil'
ECHO='echo'
ECHO_C=''
ECHO_N='-n'
ECHO_T=''
EGREP='/usr/bin/grep -E'
EXEEXT=''
F77=''
FFLAGS=''
GCC_X_NONE='-x none'
GREP='/usr/bin/grep'
HOST_CPU_C_ABI='x86_64'
INSTALL_DATA='${INSTALL} -m 644'
INSTALL_PROGRAM='${INSTALL}'
INSTALL_SCRIPT='${INSTALL}'
LDFLAGS=''
LIBOBJS=''
LIBS=''
LIBTOOL='$(SHELL) $(top_builddir)/libtool'
LN='ln'
LN_S='ln -s'
LTLIBOBJS=''
NMEDIT='nmedit'
OBJEXT='o'
PACKAGE_BUGREPORT=''
PACKAGE_NAME='libffcall/callback'
PACKAGE_STRING='libffcall/callback 0x010B'
PACKAGE_TARNAME='libffcall-callback'
PACKAGE_URL=''
PACKAGE_VERSION='0x010B'
PATH_SEPARATOR=':'
RANLIB='ranlib'
SED='/usr/bin/sed'
SET_MAKE=''
SHELL='/bin/sh'
STRIP='strip'
ac_ct_CC='/usr/bin/cc'
ac_ct_CXX=''
ac_ct_F77=''
bindir='${exec_prefix}/bin'
build='x86_64-apple-darwin10.4.0'
build_alias='x86_64-apple-darwin10.4.0'
build_cpu='x86_64'
build_os='darwin10.4.0'
build_vendor='apple'
datadir='${datarootdir}'
datarootdir='${prefix}/share'
docdir='${datarootdir}/doc/${PACKAGE_TARNAME}'
dvidir='${docdir}'
exec_prefix='${prefix}'
host='x86_64-apple-darwin10.4.0'
host_alias=''
host_cpu='x86_64'
host_os='darwin10.4.0'
host_vendor='apple'
htmldir='${docdir}'
includedir='${prefix}/include'
infodir='${datarootdir}/info'
libdir='${exec_prefix}/lib'
libexecdir='${exec_prefix}/libexec'
localedir='${datarootdir}/locale'
localstatedir='${prefix}/var'
mandir='${datarootdir}/man'
oldincludedir='/usr/include'
pdfdir='${docdir}'
prefix='/usr/local'
program_transform_name='s,x,x,'
psdir='${docdir}'
sbindir='${exec_prefix}/sbin'
sharedstatedir='${prefix}/com'
subdirs=' vacall_r trampoline_r'
sysconfdir='${prefix}/etc'
target_alias=''

## ----------- ##
## confdefs.h. ##
## ----------- ##

/* confdefs.h */
#define PACKAGE_NAME "libffcall/callback"
#define PACKAGE_TARNAME "libffcall-callback"
#define PACKAGE_VERSION "0x010B"
#define PACKAGE_STRING "libffcall/callback 0x010B"
#define PACKAGE_BUGREPORT ""
#define PACKAGE_URL ""
#ifndef __x86_64__
#define __x86_64__ 1
#endif
#define STDC_HEADERS 1
#define HAVE_SYS_TYPES_H 1
#define HAVE_SYS_STAT_H 1
#define HAVE_STDLIB_H 1
#define HAVE_STRING_H 1
#define HAVE_MEMORY_H 1
#define HAVE_STRINGS_H 1
#define HAVE_INTTYPES_H 1
#define HAVE_STDINT_H 1
#define HAVE_UNISTD_H 1
#define HAVE_DLFCN_H 1

configure: exit 0
