This file contains any messages produced by compilers while
running configure, to aid debugging if configure makes a mistake.

It was created by GNU libffcall configure 0x010B, which was
generated by GNU Autoconf 2.65.  Invocation command line was

  $ ./configure --build=x86_64-apple-darwin10.4.0

## --------- ##
## Platform. ##
## --------- ##

hostname = vinyl
uname -m = i386
uname -r = 10.4.0
uname -s = Darwin
uname -v = Darwin Kernel Version 10.4.0: Fri Apr 23 18:28:53 PDT 2010; root:xnu-1504.7.4~1/RELEASE_I386

/usr/bin/uname -p = i386
/bin/uname -X     = unknown

/bin/arch              = unknown
/usr/bin/arch -k       = unknown
/usr/convex/getsysinfo = unknown
/usr/bin/hostinfo      = Mach kernel version:
	 Darwin Kernel Version 10.4.0: Fri Apr 23 18:28:53 PDT 2010; root:xnu-1504.7.4~1/RELEASE_I386
Kernel configured for up to 4 processors.
2 processors are physically available.
4 processors are logically available.
Processor type: i486 (Intel 80486)
Processors active: 0 1 2 3
Primary memory available: 8.00 gigabytes
Default processor set: 164 tasks, 832 threads, 4 processors
Load average: 1.04, Mach factor: 2.95
/bin/machine           = unknown
/usr/bin/oslevel       = unknown
/bin/universe          = unknown

PATH: /usr/local/bin
PATH: /usr/local/bin
PATH: /usr/bin
PATH: /bin
PATH: /usr/sbin
PATH: /sbin
PATH: /usr/local/bin
PATH: /usr/X11/bin
PATH: /opt/local/bin
PATH: /Users/enki/Code/ec2-api-tools-1.3-30349/bin
PATH: /usr/local/sbin
PATH: /opt/local/bin
PATH: /Users/enki/Code/ec2-api-tools-1.3-30349/bin
PATH: /usr/local/sbin


## ----------- ##
## Core tests. ##
## ----------- ##

configure:1887: checking whether make sets $(MAKE)
configure:1909: result: yes
configure:1961: checking for ranlib
configure:1977: found /usr/bin/ranlib
configure:1988: result: ranlib
configure:2027: checking build system type
configure:2041: result: x86_64-apple-darwin10.4.0
configure:2061: checking host system type
configure:2074: result: x86_64-apple-darwin10.4.0
configure:2142: checking for gcc
configure:2169: result: /usr/bin/cc
configure:2398: checking for C compiler version
configure:2407: /usr/bin/cc --version >&5
i686-apple-darwin10-gcc-4.2.1 (GCC) 4.2.1 (Apple Inc. build 5664)
Copyright (C) 2007 Free Software Foundation, Inc.
This is free software; see the source for copying conditions.  There is NO
warranty; not even for MERCHANTABILITY or FITNESS FOR A PARTICULAR PURPOSE.

configure:2418: $? = 0
configure:2407: /usr/bin/cc -v >&5
Using built-in specs.
Target: i686-apple-darwin10
Configured with: /var/tmp/gcc/gcc-5664~38/src/configure --disable-checking --enable-werror --prefix=/usr --mandir=/share/man --enable-languages=c,objc,c++,obj-c++ --program-transform-name=/^[cg][^.-]*$/s/$/-4.2/ --with-slibdir=/usr/lib --build=i686-apple-darwin10 --program-prefix=i686-apple-darwin10- --host=x86_64-apple-darwin10 --target=i686-apple-darwin10 --with-gxx-include-dir=/include/c++/4.2.1
Thread model: posix
gcc version 4.2.1 (Apple Inc. build 5664)
configure:2418: $? = 0
configure:2407: /usr/bin/cc -V >&5
gcc-4.2: argument to `-V' is missing
configure:2418: $? = 1
configure:2407: /usr/bin/cc -qversion >&5
i686-apple-darwin10-gcc-4.2.1: no input files
configure:2418: $? = 1
configure:2438: checking whether the C compiler works
configure:2460: /usr/bin/cc -O3 -w -pipe   conftest.c  >&5
configure:2464: $? = 0
configure:2513: result: yes
configure:2516: checking for C compiler default output file name
configure:2518: result: a.out
configure:2524: checking for suffix of executables
configure:2531: /usr/bin/cc -o conftest -O3 -w -pipe   conftest.c  >&5
configure:2535: $? = 0
configure:2557: result: 
configure:2579: checking whether we are cross compiling
configure:2587: /usr/bin/cc -o conftest -O3 -w -pipe   conftest.c  >&5
configure:2591: $? = 0
configure:2598: ./conftest
configure:2602: $? = 0
configure:2617: result: no
configure:2622: checking for suffix of object files
configure:2644: /usr/bin/cc -c -O3 -w -pipe  conftest.c >&5
configure:2648: $? = 0
configure:2669: result: o
configure:2673: checking whether we are using the GNU C compiler
configure:2692: /usr/bin/cc -c -O3 -w -pipe  conftest.c >&5
configure:2692: $? = 0
configure:2701: result: yes
configure:2710: checking whether /usr/bin/cc accepts -g
configure:2730: /usr/bin/cc -c -g  conftest.c >&5
configure:2730: $? = 0
configure:2771: result: yes
configure:2788: checking for /usr/bin/cc option to accept ISO C89
configure:2852: /usr/bin/cc  -c -O3 -w -pipe  conftest.c >&5
configure:2852: $? = 0
configure:2865: result: none needed
configure:2891: checking how to run the C preprocessor
configure:2922: /usr/bin/cc -E  conftest.c
configure:2922: $? = 0
configure:2936: /usr/bin/cc -E  conftest.c
conftest.c:9:28: error: ac_nonexistent.h: No such file or directory
configure:2936: $? = 1
configure: failed program was:
| /* confdefs.h */
| #define PACKAGE_NAME "GNU libffcall"
| #define PACKAGE_TARNAME "libffcall"
| #define PACKAGE_VERSION "0x010B"
| #define PACKAGE_STRING "GNU libffcall 0x010B"
| #define PACKAGE_BUGREPORT "https://savannah.gnu.org/projects/libffcall"
| #define PACKAGE_URL "http://www.gnu.org/software/libffcall/"
| /* end confdefs.h.  */
| #include <ac_nonexistent.h>
configure:2961: result: /usr/bin/cc -E
configure:2981: /usr/bin/cc -E  conftest.c
configure:2981: $? = 0
configure:2995: /usr/bin/cc -E  conftest.c
conftest.c:9:28: error: ac_nonexistent.h: No such file or directory
configure:2995: $? = 1
configure: failed program was:
| /* confdefs.h */
| #define PACKAGE_NAME "GNU libffcall"
| #define PACKAGE_TARNAME "libffcall"
| #define PACKAGE_VERSION "0x010B"
| #define PACKAGE_STRING "GNU libffcall 0x010B"
| #define PACKAGE_BUGREPORT "https://savannah.gnu.org/projects/libffcall"
| #define PACKAGE_URL "http://www.gnu.org/software/libffcall/"
| /* end confdefs.h.  */
| #include <ac_nonexistent.h>
configure:3024: checking for grep that handles long lines and -e
configure:3082: result: /usr/bin/grep
configure:3087: checking for egrep
configure:3149: result: /usr/bin/grep -E
configure:3155: checking for long long int
configure:3192: /usr/bin/cc -o conftest -O3 -w -pipe   conftest.c  >&5
configure:3192: $? = 0
configure:3222: /usr/bin/cc -o conftest -O3 -w -pipe   conftest.c  >&5
configure:3222: $? = 0
configure:3222: ./conftest
configure:3222: $? = 0
configure:3237: result: yes
configure:3246: checking for unsigned long long int
configure:3283: /usr/bin/cc -o conftest -O3 -w -pipe   conftest.c  >&5
configure:3283: $? = 0
configure:3291: result: yes
configure:3325: checking host CPU and C ABI
configure:3467: result: x86_64
configure:3722: creating ./config.status

## ---------------------- ##
## Running config.status. ##
## ---------------------- ##

This file was extended by GNU libffcall config.status 0x010B, which was
generated by GNU Autoconf 2.65.  Invocation command line was

  CONFIG_FILES    = 
  CONFIG_HEADERS  = 
  CONFIG_LINKS    = 
  CONFIG_COMMANDS = 
  $ ./config.status 

on vinyl

config.status:749: creating Makefile
configure:4789: === configuring in avcall (/private/tmp/homebrew-ffcall-2010-1-t6cE/ffcall-cvs-2010-10-27/avcall)
configure:4852: running /bin/sh ./configure --disable-option-checking '--prefix=/usr/local'  '--build=x86_64-apple-darwin10.4.0' 'build_alias=x86_64-apple-darwin10.4.0' 'CC=/usr/bin/cc' 'CFLAGS=-O3 -w -pipe' --cache-file=/dev/null --srcdir=.
configure:4789: === configuring in vacall (/private/tmp/homebrew-ffcall-2010-1-t6cE/ffcall-cvs-2010-10-27/vacall)
configure:4852: running /bin/sh ./configure --disable-option-checking '--prefix=/usr/local'  '--build=x86_64-apple-darwin10.4.0' 'build_alias=x86_64-apple-darwin10.4.0' 'CC=/usr/bin/cc' 'CFLAGS=-O3 -w -pipe' --cache-file=/dev/null --srcdir=.
configure:4789: === configuring in trampoline (/private/tmp/homebrew-ffcall-2010-1-t6cE/ffcall-cvs-2010-10-27/trampoline)
configure:4852: running /bin/sh ./configure --disable-option-checking '--prefix=/usr/local'  '--build=x86_64-apple-darwin10.4.0' 'build_alias=x86_64-apple-darwin10.4.0' 'CC=/usr/bin/cc' 'CFLAGS=-O3 -w -pipe' --cache-file=/dev/null --srcdir=.
configure:4789: === configuring in callback (/private/tmp/homebrew-ffcall-2010-1-t6cE/ffcall-cvs-2010-10-27/callback)
configure:4852: running /bin/sh ./configure --disable-option-checking '--prefix=/usr/local'  '--build=x86_64-apple-darwin10.4.0' 'build_alias=x86_64-apple-darwin10.4.0' 'CC=/usr/bin/cc' 'CFLAGS=-O3 -w -pipe' --cache-file=/dev/null --srcdir=.

## ---------------- ##
## Cache variables. ##
## ---------------- ##

ac_cv_build=x86_64-apple-darwin10.4.0
ac_cv_c_compiler_gnu=yes
ac_cv_env_CC_set=set
ac_cv_env_CC_value=/usr/bin/cc
ac_cv_env_CFLAGS_set=set
ac_cv_env_CFLAGS_value='-O3 -w -pipe'
ac_cv_env_CPPFLAGS_set=
ac_cv_env_CPPFLAGS_value=
ac_cv_env_CPP_set=
ac_cv_env_CPP_value=
ac_cv_env_LDFLAGS_set=
ac_cv_env_LDFLAGS_value=
ac_cv_env_LIBS_set=
ac_cv_env_LIBS_value=
ac_cv_env_build_alias_set=set
ac_cv_env_build_alias_value=x86_64-apple-darwin10.4.0
ac_cv_env_host_alias_set=
ac_cv_env_host_alias_value=
ac_cv_env_target_alias_set=
ac_cv_env_target_alias_value=
ac_cv_host=x86_64-apple-darwin10.4.0
ac_cv_objext=o
ac_cv_path_EGREP='/usr/bin/grep -E'
ac_cv_path_GREP=/usr/bin/grep
ac_cv_prog_CPP='/usr/bin/cc -E'
ac_cv_prog_ac_ct_CC=/usr/bin/cc
ac_cv_prog_ac_ct_RANLIB=ranlib
ac_cv_prog_cc_c89=
ac_cv_prog_cc_g=yes
ac_cv_prog_make_make_set=yes
ac_cv_type_long_long_int=yes
ac_cv_type_unsigned_long_long_int=yes
gl_cv_host_cpu_c_abi=x86_64

## ----------------- ##
## Output variables. ##
## ----------------- ##

CC='/usr/bin/cc'
CFLAGS='-O3 -w -pipe'
CPP='/usr/bin/cc -E'
CPPFLAGS=''
DEFS='-DPACKAGE_NAME=\"GNU\ libffcall\" -DPACKAGE_TARNAME=\"libffcall\" -DPACKAGE_VERSION=\"0x010B\" -DPACKAGE_STRING=\"GNU\ libffcall\ 0x010B\" -DPACKAGE_BUGREPORT=\"https://savannah.gnu.org/projects/libffcall\" -DPACKAGE_URL=\"http://www.gnu.org/software/libffcall/\" -DHAVE_LONG_LONG_INT=1 -DHAVE_UNSIGNED_LONG_LONG_INT=1 -D__x86_64__=1'
ECHO_C=''
ECHO_N='-n'
ECHO_T=''
EGREP='/usr/bin/grep -E'
EXEEXT=''
GL_COND_LIBTOOL_FALSE=''
GL_COND_LIBTOOL_TRUE='#'
GREP='/usr/bin/grep'
HOST_CPU_C_ABI='x86_64'
LDFLAGS=''
LIBGNU_LIBDEPS=''
LIBGNU_LTLIBDEPS=''
LIBOBJS=''
LIBS=''
LTLIBOBJS=''
OBJEXT='o'
PACKAGE_BUGREPORT='https://savannah.gnu.org/projects/libffcall'
PACKAGE_NAME='GNU libffcall'
PACKAGE_STRING='GNU libffcall 0x010B'
PACKAGE_TARNAME='libffcall'
PACKAGE_URL='http://www.gnu.org/software/libffcall/'
PACKAGE_VERSION='0x010B'
PATH_SEPARATOR=':'
RANLIB='ranlib'
SET_MAKE=''
SHELL='/bin/sh'
ac_ct_CC='/usr/bin/cc'
bindir='${exec_prefix}/bin'
build='x86_64-apple-darwin10.4.0'
build_alias='x86_64-apple-darwin10.4.0'
build_cpu='x86_64'
build_os='darwin10.4.0'
build_vendor='apple'
datadir='${datarootdir}'
datarootdir='${prefix}/share'
docdir='${datarootdir}/doc/${PACKAGE_TARNAME}'
dvidir='${docdir}'
exec_prefix='${prefix}'
gl_LIBOBJS=''
gl_LTLIBOBJS=''
gltests_LIBOBJS=''
gltests_LTLIBOBJS=''
gltests_WITNESS='IN_LIBFFCALL_GNULIB_TESTS'
host='x86_64-apple-darwin10.4.0'
host_alias=''
host_cpu='x86_64'
host_os='darwin10.4.0'
host_vendor='apple'
htmldir='${docdir}'
includedir='${prefix}/include'
infodir='${datarootdir}/info'
libdir='${exec_prefix}/lib'
libexecdir='${exec_prefix}/libexec'
localedir='${datarootdir}/locale'
localstatedir='${prefix}/var'
mandir='${datarootdir}/man'
oldincludedir='/usr/include'
pdfdir='${docdir}'
prefix='/usr/local'
program_transform_name='s,x,x,'
psdir='${docdir}'
sbindir='${exec_prefix}/sbin'
sharedstatedir='${prefix}/com'
subdirs=' avcall vacall trampoline callback'
sysconfdir='${prefix}/etc'
target_alias=''

## ----------- ##
## confdefs.h. ##
## ----------- ##

/* confdefs.h */
#define PACKAGE_NAME "GNU libffcall"
#define PACKAGE_TARNAME "libffcall"
#define PACKAGE_VERSION "0x010B"
#define PACKAGE_STRING "GNU libffcall 0x010B"
#define PACKAGE_BUGREPORT "https://savannah.gnu.org/projects/libffcall"
#define PACKAGE_URL "http://www.gnu.org/software/libffcall/"
#define HAVE_LONG_LONG_INT 1
#define HAVE_UNSIGNED_LONG_LONG_INT 1
#ifndef __x86_64__
#define __x86_64__ 1
#endif

configure: exit 0
